{"E:\\DEV-SPACE\\React\\NamasteReact\\src\\components\\Contact.js": {"path":"E:\\DEV-SPACE\\React\\NamasteReact\\src\\components\\Contact.js","statementMap":{"0":{"start":{"line":1,"column":16},"end":{"line":13,"column":1}},"1":{"start":{"line":2,"column":4},"end":{"line":12,"column":5}}},"fnMap":{"0":{"name":"(anonymous_0)","decl":{"start":{"line":1,"column":16},"end":{"line":1,"column":17}},"loc":{"start":{"line":1,"column":22},"end":{"line":13,"column":1}},"line":1}},"branchMap":{},"s":{"0":1,"1":4},"f":{"0":4},"b":{},"_coverageSchema":"1a1c01bbd47fc00a2c39e90264f33305004495a9","hash":"b2a33951c30ba029a5c2c5ef2f6beb41ef28967e"}
,"E:\\DEV-SPACE\\React\\NamasteReact\\src\\components\\RestaurantCard.js": {"path":"E:\\DEV-SPACE\\React\\NamasteReact\\src\\components\\RestaurantCard.js","statementMap":{"0":{"start":{"line":5,"column":23},"end":{"line":27,"column":1}},"1":{"start":{"line":7,"column":27},"end":{"line":7,"column":50}},"2":{"start":{"line":8,"column":24},"end":{"line":8,"column":29}},"3":{"start":{"line":10,"column":98},"end":{"line":10,"column":111}},"4":{"start":{"line":13,"column":4},"end":{"line":26,"column":5}},"5":{"start":{"line":29,"column":29},"end":{"line":38,"column":1}},"6":{"start":{"line":30,"column":4},"end":{"line":37,"column":5}},"7":{"start":{"line":31,"column":8},"end":{"line":36,"column":9}}},"fnMap":{"0":{"name":"(anonymous_0)","decl":{"start":{"line":5,"column":23},"end":{"line":5,"column":24}},"loc":{"start":{"line":5,"column":34},"end":{"line":27,"column":1}},"line":5},"1":{"name":"(anonymous_1)","decl":{"start":{"line":29,"column":29},"end":{"line":29,"column":30}},"loc":{"start":{"line":29,"column":49},"end":{"line":38,"column":1}},"line":29},"2":{"name":"(anonymous_2)","decl":{"start":{"line":30,"column":11},"end":{"line":30,"column":12}},"loc":{"start":{"line":30,"column":22},"end":{"line":37,"column":5}},"line":30}},"branchMap":{},"s":{"0":1,"1":1,"2":1,"3":1,"4":1,"5":1,"6":0,"7":0},"f":{"0":1,"1":0,"2":0},"b":{},"_coverageSchema":"1a1c01bbd47fc00a2c39e90264f33305004495a9","hash":"c8334f028fdad064654831057ca14ff00d1890ca"}
,"E:\\DEV-SPACE\\React\\NamasteReact\\src\\components\\sum.js": {"path":"E:\\DEV-SPACE\\React\\NamasteReact\\src\\components\\sum.js","statementMap":{"0":{"start":{"line":1,"column":19},"end":{"line":3,"column":1}},"1":{"start":{"line":2,"column":4},"end":{"line":2,"column":15}}},"fnMap":{"0":{"name":"(anonymous_0)","decl":{"start":{"line":1,"column":19},"end":{"line":1,"column":20}},"loc":{"start":{"line":1,"column":29},"end":{"line":3,"column":1}},"line":1}},"branchMap":{},"s":{"0":2,"1":2},"f":{"0":2},"b":{},"_coverageSchema":"1a1c01bbd47fc00a2c39e90264f33305004495a9","hash":"7cd36d03dfbc4facefdc73861cedeb8429243aae"}
,"E:\\DEV-SPACE\\React\\NamasteReact\\src\\utils\\UserContext.js": {"path":"E:\\DEV-SPACE\\React\\NamasteReact\\src\\utils\\UserContext.js","statementMap":{"0":{"start":{"line":3,"column":20},"end":{"line":5,"column":2}}},"fnMap":{},"branchMap":{},"s":{"0":1},"f":{},"b":{},"_coverageSchema":"1a1c01bbd47fc00a2c39e90264f33305004495a9","hash":"325ae3c1a19199a2c297191fbc2d9ec2e02039d6"}
,"E:\\DEV-SPACE\\React\\NamasteReact\\src\\utils\\constants.js": {"path":"E:\\DEV-SPACE\\React\\NamasteReact\\src\\utils\\constants.js","statementMap":{"0":{"start":{"line":1,"column":24},"end":{"line":1,"column":96}},"1":{"start":{"line":3,"column":24},"end":{"line":3,"column":107}},"2":{"start":{"line":5,"column":23},"end":{"line":5,"column":99}},"3":{"start":{"line":7,"column":28},"end":{"line":7,"column":158}},"4":{"start":{"line":9,"column":35},"end":{"line":9,"column":180}}},"fnMap":{},"branchMap":{},"s":{"0":1,"1":1,"2":1,"3":1,"4":1},"f":{},"b":{},"_coverageSchema":"1a1c01bbd47fc00a2c39e90264f33305004495a9","hash":"2045f83ab86ea9b5bc4af2639263cbe6253f52e4"}
}
